<?xml version="1.0" encoding="UTF-8"?>
<!-- Generated by org.testng.reporters.JUnitReportReporter -->
<testsuite skipped="0" hostname="DESKTOP-COKT6GT" name="com.lits.rubinskyy.calculator.CalculatorAddOperation" tests="1" failures="0" timestamp="15 янв 2020 19:14:10 GMT" time="0.014" errors="0">
  <testcase name="testAdd" time="0.014" classname="com.lits.rubinskyy.calculator.CalculatorAddOperation"/>
</testsuite> <!-- com.lits.rubinskyy.calculator.CalculatorAddOperation -->
